<?xml version="1.0" encoding="UTF-8"?>
<testsuite xmlns:xsi="http://www.w3.org/2001/XMLSchema-instance" xsi:noNamespaceSchemaLocation="https://maven.apache.org/surefire/maven-surefire-plugin/xsd/surefire-test-report-3.0.xsd" version="3.0" name="com.students.notesgenerator.NotesGeneratorApplicationTests" time="15.709" tests="1" errors="0" skipped="0" failures="0">
  <properties>
[...]
</properties>
  <testcase name="contextLoads" classname="com.students.notesgenerator.NotesGeneratorApplicationTests" time="0.051">
    <system-out><![CDATA[Standard Commons Logging discovery in action with spring-jcl: please remove commons-logging.jar from classpath in order to avoid potential conflicts
18:23:31.608 [main] INFO org.springframework.test.context.support.AnnotationConfigContextLoaderUtils -- Could not detect default configuration classes for test class [com.students.notesgenerator.NotesGeneratorApplicationTests]: NotesGeneratorApplicationTests does not declare any static, non-private, non-final, nested classes annotated with @Configuration.
18:23:31.943 [main] INFO org.springframework.boot.test.context.SpringBootTestContextBootstrapper -- Found @SpringBootConfiguration com.students.notesgenerator.NotesGeneratorApplication for test class com.students.notesgenerator.NotesGeneratorApplicationTests
  .   ____          _            __ _ _
 /\\ / ___'_ __ _ _(_)_ __  __ _ \ \ \ \
( ( )\___ | '_ | '_| | '_ \/ _` | \ \ \ \
 \\/  ___)| |_)| | | | | || (_| |  ) ) ) )
  '  |____| .__|_| |_|_| |_\__, | / / / /
 =========|_|==============|___/=/_/_/_/

 :: Spring Boot ::                (v3.3.0)

2026-06-15T18:23:33.027+05:30  INFO 18436 --- [notes-generator] [           main] c.s.n.NotesGeneratorApplicationTests     : Starting NotesGeneratorApplicationTests using Java 24 with PID 18436 (started by Krishna Sahu in C:\Users\Krishna Sahu\OneDrive\Desktop\Projects\AI Notes Generator for students\backend)
2026-06-15T18:23:33.032+05:30  INFO 18436 --- [notes-generator] [           main] c.s.n.NotesGeneratorApplicationTests     : The following 1 profile is active: "test"
2026-06-15T18:23:35.030+05:30  INFO 18436 --- [notes-generator] [           main] .s.d.r.c.RepositoryConfigurationDelegate : Bootstrapping Spring Data JPA repositories in DEFAULT mode.
2026-06-15T18:23:35.210+05:30  INFO 18436 --- [notes-generator] [           main] .s.d.r.c.RepositoryConfigurationDelegate : Finished Spring Data repository scanning in 165 ms. Found 12 JPA repository interfaces.
2026-06-15T18:23:36.401+05:30  INFO 18436 --- [notes-generator] [           main] o.hibernate.jpa.internal.util.LogHelper  : HHH000204: Processing PersistenceUnitInfo [name: default]
2026-06-15T18:23:36.572+05:30  INFO 18436 --- [notes-generator] [           main] org.hibernate.Version                    : HHH000412: Hibernate ORM core version 6.5.2.Final
2026-06-15T18:23:36.633+05:30  INFO 18436 --- [notes-generator] [           main] o.h.c.internal.RegionFactoryInitiator    : HHH000026: Second-level cache disabled
2026-06-15T18:23:37.136+05:30  INFO 18436 --- [notes-generator] [           main] o.s.o.j.p.SpringPersistenceUnitInfo      : No LoadTimeWeaver setup: ignoring JPA class transformer
2026-06-15T18:23:37.169+05:30  INFO 18436 --- [notes-generator] [           main] com.zaxxer.hikari.HikariDataSource       : HikariPool-1 - Starting...
2026-06-15T18:23:37.412+05:30  INFO 18436 --- [notes-generator] [           main] com.zaxxer.hikari.pool.HikariPool        : HikariPool-1 - Added connection conn0: url=jdbc:h2:mem:testdb user=SA
2026-06-15T18:23:37.416+05:30  INFO 18436 --- [notes-generator] [           main] com.zaxxer.hikari.HikariDataSource       : HikariPool-1 - Start completed.
2026-06-15T18:23:37.488+05:30  WARN 18436 --- [notes-generator] [           main] org.hibernate.orm.deprecation            : HHH90000025: H2Dialect does not need to be specified explicitly using 'hibernate.dialect' (remove the property setting and it will be selected by default)
2026-06-15T18:23:39.164+05:30  INFO 18436 --- [notes-generator] [           main] o.h.e.t.j.p.i.JtaPlatformInitiator       : HHH000489: No JTA platform available (set 'hibernate.transaction.jta.platform' to enable JTA platform integration)
2026-06-15T18:23:39.279+05:30  INFO 18436 --- [notes-generator] [           main] j.LocalContainerEntityManagerFactoryBean : Initialized JPA EntityManagerFactory for persistence unit 'default'
2026-06-15T18:23:40.859+05:30  INFO 18436 --- [notes-generator] [           main] eAuthenticationProviderManagerConfigurer : Global AuthenticationManager configured with AuthenticationProvider bean with name authenticationProvider
2026-06-15T18:23:40.862+05:30  WARN 18436 --- [notes-generator] [           main] r$InitializeUserDetailsManagerConfigurer : Global AuthenticationManager configured with an AuthenticationProvider bean. UserDetailsService beans will not be used for username/password login. Consider removing the AuthenticationProvider bean. Alternatively, consider using the UserDetailsService in a manually instantiated DaoAuthenticationProvider.
2026-06-15T18:23:43.806+05:30  WARN 18436 --- [notes-generator] [           main] JpaBaseConfiguration$JpaWebConfiguration : spring.jpa.open-in-view is enabled by default. Therefore, database queries may be performed during view rendering. Explicitly configure spring.jpa.open-in-view to disable this warning
2026-06-15T18:23:45.290+05:30  INFO 18436 --- [notes-generator] [           main] o.s.s.web.DefaultSecurityFilterChain     : Will secure any request with [org.springframework.security.web.session.DisableEncodeUrlFilter@f341e3c, org.springframework.security.web.context.request.async.WebAsyncManagerIntegrationFilter@7c8ecc27, org.springframework.security.web.context.SecurityContextHolderFilter@4ac7f844, org.springframework.security.web.header.HeaderWriterFilter@3eff5c32, org.springframework.web.filter.CorsFilter@5f8089d2, org.springframework.security.web.authentication.logout.LogoutFilter@962e03a, com.students.notesgenerator.security.JwtAuthenticationFilter@1407b93f, org.springframework.security.web.savedrequest.RequestCacheAwareFilter@4eb5cdae, org.springframework.security.web.servletapi.SecurityContextHolderAwareRequestFilter@6ab56a77, org.springframework.security.web.authentication.AnonymousAuthenticationFilter@6e1ac80e, org.springframework.security.web.session.SessionManagementFilter@1377af49, org.springframework.security.web.access.ExceptionTranslationFilter@15cba6dc, org.springframework.security.web.access.intercept.AuthorizationFilter@2c51ff83]
2026-06-15T18:23:46.843+05:30  INFO 18436 --- [notes-generator] [           main] c.s.n.NotesGeneratorApplicationTests     : Started NotesGeneratorApplicationTests in 14.561 seconds (process running for 17.215)
]]></system-out>
    <system-err><![CDATA[WARNING: A Java agent has been loaded dynamically (C:\Users\Krishna Sahu\.m2\repository\net\bytebuddy\byte-buddy-agent\1.14.16\byte-buddy-agent-1.14.16.jar)
WARNING: If a serviceability tool is in use, please run with -XX:+EnableDynamicAgentLoading to hide this warning
WARNING: If a serviceability tool is not in use, please run with -Djdk.instrument.traceUsage for more information
WARNING: Dynamic loading of agents will be disallowed by default in a future release
]]></system-err>
  </testcase>
</testsuite>